New log file opened at Wed Jun 17 02:42:16 ART 2015 by 7391@notebook-peg
Sending msg to client activator-e7ac88d1-4c42-48c4-8e04-3b2a29a31f07: DetachedLogEvent(LogMessage(debug,sbt server socket logs are in: /home/emanuel/Facultad/progfun/practica/play/play-scalajs-showcase/.sbtserver/connections/master.log))
Sending msg to client activator-e7ac88d1-4c42-48c4-8e04-3b2a29a31f07: DetachedLogEvent(LogMessage(debug,sbt client logs are in: /home/emanuel/Facultad/progfun/practica/play/play-scalajs-showcase/.sbtserver/connections/activator-e7ac88d1-4c42-48c4-8e04-3b2a29a31f07.log))
Sending msg to client activator-e7ac88d1-4c42-48c4-8e04-3b2a29a31f07: DetachedLogEvent(LogMessage(debug,sbt general server logs are in: /home/emanuel/Facultad/progfun/practica/play/play-scalajs-showcase/.sbtserver/master.log))
Reading next message from client.
Got request: ListenToEvents()
Reading next message from client.
Sending msg to client activator-e7ac88d1-4c42-48c4-8e04-3b2a29a31f07: DetachedLogEvent(LogMessage(debug,> --initialize))
Sending msg to client activator-e7ac88d1-4c42-48c4-8e04-3b2a29a31f07: (3,ReceivedResponse())
Sending msg to client activator-e7ac88d1-4c42-48c4-8e04-3b2a29a31f07: DetachedLogEvent(LogMessage(debug,> initialize))
Sending msg to client activator-e7ac88d1-4c42-48c4-8e04-3b2a29a31f07: DetachedLogEvent(LogMessage(debug,> onFailure load-failed))
Sending msg to client activator-e7ac88d1-4c42-48c4-8e04-3b2a29a31f07: DetachedLogEvent(LogMessage(debug,> boot))
Sending msg to client activator-e7ac88d1-4c42-48c4-8e04-3b2a29a31f07: DetachedLogEvent(LogMessage(debug,> reload))
Sending msg to client activator-e7ac88d1-4c42-48c4-8e04-3b2a29a31f07: DetachedLogEvent(LogMessage(debug,[Loading] Scanning directory /home/emanuel/Facultad/progfun/practica/play/play-scalajs-showcase/project))
Sending msg to client activator-e7ac88d1-4c42-48c4-8e04-3b2a29a31f07: DetachedLogEvent(LogMessage(debug,[Loading] Found non-root projects ))
Sending msg to client activator-e7ac88d1-4c42-48c4-8e04-3b2a29a31f07: DetachedLogEvent(LogMessage(debug,[Loading] Done in /home/emanuel/Facultad/progfun/practica/play/play-scalajs-showcase/project, returning: ()))
Sending msg to client activator-e7ac88d1-4c42-48c4-8e04-3b2a29a31f07: DetachedLogEvent(LogMessage(debug,deducing auto plugins based on known facts Set(Atom(sbt.plugins.CorePlugin)) and clauses Clauses(List(Clause(Atom(sbt.plugins.JvmPlugin),Set(Atom(sbt.plugins.IvyPlugin))), Clause(Atom(sbt.plugins.JUnitXmlReportPlugin),Set(Atom(sbt.plugins.JvmPlugin))), Clause(Atom(sbt.plugins.CorePlugin),Set(Atom(sbt.plugins.IvyPlugin))), Clause(Atom(sbt.plugins.IvyPlugin),Set(Atom(sbt.plugins.JvmPlugin))), Clause(Atom(sbt.plugins.JvmPlugin),Set(Atom(sbt.plugins.JUnitXmlReportPlugin)))))))
Sending msg to client activator-e7ac88d1-4c42-48c4-8e04-3b2a29a31f07: DetachedLogEvent(LogMessage(debug,  :: deduced result: Matched(sbt.plugins.CorePlugin,sbt.plugins.IvyPlugin,sbt.plugins.JvmPlugin,sbt.plugins.JUnitXmlReportPlugin)))
Sending msg to client activator-e7ac88d1-4c42-48c4-8e04-3b2a29a31f07: DetachedLogEvent(LogMessage(debug,sorting: ns: List(sbt.plugins.CorePlugin, sbt.plugins.IvyPlugin, sbt.plugins.JvmPlugin, sbt.plugins.JUnitXmlReportPlugin)))
Sending msg to client activator-e7ac88d1-4c42-48c4-8e04-3b2a29a31f07: DetachedLogEvent(LogMessage(debug,  :: sorting:: found: List(sbt.plugins.CorePlugin) not found List(sbt.plugins.IvyPlugin, sbt.plugins.JvmPlugin, sbt.plugins.JUnitXmlReportPlugin)))
Sending msg to client activator-e7ac88d1-4c42-48c4-8e04-3b2a29a31f07: DetachedLogEvent(LogMessage(debug,  :: sorting:: found: List(sbt.plugins.CorePlugin, sbt.plugins.IvyPlugin) not found List(sbt.plugins.JvmPlugin, sbt.plugins.JUnitXmlReportPlugin)))
Sending msg to client activator-e7ac88d1-4c42-48c4-8e04-3b2a29a31f07: DetachedLogEvent(LogMessage(debug,  :: sorting:: found: List(sbt.plugins.CorePlugin, sbt.plugins.IvyPlugin, sbt.plugins.JvmPlugin) not found List(sbt.plugins.JUnitXmlReportPlugin)))
Sending msg to client activator-e7ac88d1-4c42-48c4-8e04-3b2a29a31f07: DetachedLogEvent(LogMessage(debug,  :: sorting:: found: List(sbt.plugins.CorePlugin, sbt.plugins.IvyPlugin, sbt.plugins.JvmPlugin, sbt.plugins.JUnitXmlReportPlugin) not found List()))
Sending msg to client activator-e7ac88d1-4c42-48c4-8e04-3b2a29a31f07: DetachedLogEvent(LogMessage(debug,  :: sorted deduced result: List(sbt.plugins.CorePlugin, sbt.plugins.IvyPlugin, sbt.plugins.JvmPlugin, sbt.plugins.JUnitXmlReportPlugin)))
Sending msg to client activator-e7ac88d1-4c42-48c4-8e04-3b2a29a31f07: DetachedLogEvent(LogMessage(debug,[Loading] Done in /home/emanuel/Facultad/progfun/practica/play/play-scalajs-showcase/project, returning: (play-scalajs-showcase-build)))
Sending msg to client activator-e7ac88d1-4c42-48c4-8e04-3b2a29a31f07: DetachedLogEvent(LogMessage(info,Loading project definition from /home/emanuel/Facultad/progfun/practica/play/play-scalajs-showcase/project))
Sending msg to client activator-e7ac88d1-4c42-48c4-8e04-3b2a29a31f07: DetachedLogEvent(LogMessage(debug,Running task... Cancel: sbt.TaskCancellationStrategy$Null$@591c6bfe, check cycles: false))
Sending msg to client activator-e7ac88d1-4c42-48c4-8e04-3b2a29a31f07: DetachedLogEvent(LogMessage(info,Updating {file:/home/emanuel/Facultad/progfun/practica/play/play-scalajs-showcase/project/}play-scalajs-showcase-build...))
Sending msg to client activator-e7ac88d1-4c42-48c4-8e04-3b2a29a31f07: DetachedLogEvent(LogMessage(debug,Other repositories:))
Sending msg to client activator-e7ac88d1-4c42-48c4-8e04-3b2a29a31f07: DetachedLogEvent(LogMessage(debug,Default repositories:))
Sending msg to client activator-e7ac88d1-4c42-48c4-8e04-3b2a29a31f07: DetachedLogEvent(LogStdOut(Waiting for lock on /home/emanuel/.ivy2/.sbt.ivy.lock to be available...))
