New log file opened at Wed Jun 17 03:28:16 ART 2015 by 11168@notebook-peg
Taking next connection to: 48581
New client attempting to connect on port: 58862-48581
  Address = /127.0.1.1:48581
This client on port 58862 has uuid af2bbe82-20c3-4f9d-b103-3d2404ea90c7 configName activator humanReadableName Activator protocolVersion 1 featureTags Vector()
Connected Clients: activator-af2bbe82-20c3-4f9d-b103-3d2404ea90c7
Taking next connection to: 48581
Checking to see if clients are empty...
We have 1 non-daemon clients, continuing serving connections.
Taking next connection to: 48581
Checking to see if clients are empty...
We have 1 non-daemon clients, continuing serving connections.
Taking next connection to: 48581
Checking to see if clients are empty...
We have 1 non-daemon clients, continuing serving connections.
Taking next connection to: 48581
Checking to see if clients are empty...
We have 1 non-daemon clients, continuing serving connections.
Taking next connection to: 48581
Checking to see if clients are empty...
We have 1 non-daemon clients, continuing serving connections.
Taking next connection to: 48581
Checking to see if clients are empty...
We have 1 non-daemon clients, continuing serving connections.
Taking next connection to: 48581
Checking to see if clients are empty...
We have 1 non-daemon clients, continuing serving connections.
Taking next connection to: 48581
Checking to see if clients are empty...
We have 1 non-daemon clients, continuing serving connections.
Taking next connection to: 48581
Checking to see if clients are empty...
We have 1 non-daemon clients, continuing serving connections.
Taking next connection to: 48581
Checking to see if clients are empty...
We have 1 non-daemon clients, continuing serving connections.
Taking next connection to: 48581
Checking to see if clients are empty...
We have 1 non-daemon clients, continuing serving connections.
Taking next connection to: 48581
