New log file opened at Tue Nov 08 19:23:05 ART 2016 by 5303@notebook-peg
Taking next connection to: 46387
New client attempting to connect on port: 46452-46387
  Address = /127.0.1.1:46387
This client on port 46452 has uuid 1a105a03-9cb4-4a1d-86fc-8c5b413ad4d8 configName activator humanReadableName Activator protocolVersion 3 featureTags Vector()
Connected Clients: activator-1a105a03-9cb4-4a1d-86fc-8c5b413ad4d8
Taking next connection to: 46387
Checking to see if clients are empty...
We have 1 non-daemon clients, continuing serving connections.
Taking next connection to: 46387
Checking to see if clients are empty...
We have 1 non-daemon clients, continuing serving connections.
Taking next connection to: 46387
New client attempting to connect on port: 46457-46387
  Address = /127.0.1.1:46387
Handshake exception on socket: 46457
sbt.impl.ipc.HandshakeException: Unable to perform handshake
	at sbt.impl.ipc.Peer.handshake(IPC.scala:46)
	at sbt.impl.ipc.MultiClientServer.<init>(IPC.scala:150)
	at sbt.server.SbtServerSocketHandler$$anon$1.run(SbtServerSocketHandler.scala:43)
Caused by: java.io.EOFException
	at java.io.DataInputStream.readInt(DataInputStream.java:392)
	at sbt.impl.ipc.Peer.receive(IPC.scala:95)
	at sbt.impl.ipc.Peer.handshake(IPC.scala:49)
	... 2 more
Taking next connection to: 46387
New client attempting to connect on port: 46458-46387
  Address = /127.0.1.1:46387
This client on port 46458 has uuid 53029849-fb04-4b47-9d6f-306678e96814 configName play-fork-run humanReadableName Play Fork Run protocolVersion 1 featureTags Vector()
Connected Clients: activator-1a105a03-9cb4-4a1d-86fc-8c5b413ad4d8, play-fork-run-53029849-fb04-4b47-9d6f-306678e96814
Taking next connection to: 46387
Checking to see if clients are empty...
We have 1 non-daemon clients, continuing serving connections.
Taking next connection to: 46387
Checking to see if clients are empty...
We have 1 non-daemon clients, continuing serving connections.
Taking next connection to: 46387
Checking to see if clients are empty...
We have 1 non-daemon clients, continuing serving connections.
Taking next connection to: 46387
Checking to see if clients are empty...
We have 1 non-daemon clients, continuing serving connections.
Taking next connection to: 46387
Checking to see if clients are empty...
We have 1 non-daemon clients, continuing serving connections.
Taking next connection to: 46387
Checking to see if clients are empty...
We have 1 non-daemon clients, continuing serving connections.
Taking next connection to: 46387
Checking to see if clients are empty...
No non-daemon clients connected after 3 min. Shutting down.
1 daemon clients are connected.
Server socket thread exiting.
1 clients open, will close them...
All client sockets have been closed.
Closing the 5303@notebook-peg logs at Tue Nov 08 19:50:24 ART 2016, goodbye.
